
Imported - Site Options {"woocommerce_product_attributes":[],"woocommerce_product_cat_list":{"28":{"term_id":28,"name":"Uncategorized","slug":"uncategorized","description":""},"34":{"term_id":34,"name":"Air purifying","slug":"air-purifying","description":"Quisque nulla egestas integer mauris, vestibulum mattis fames lobortis sed sollicitudin suscipit lobortis magna suspendisse fames"},"37":{"term_id":37,"name":"Ceramic pots","slug":"ceramic-pots","description":"Quisque nulla egestas integer mauris, vestibulum mattis fames lobortis sed sollicitudin suscipit lobortis magna suspendisse fames"},"38":{"term_id":38,"name":"Herbs seeds","slug":"herbs-seeds","description":"Quisque nulla egestas integer mauris, vestibulum mattis fames lobortis sed sollicitudin suscipit lobortis magna suspendisse fames"},"33":{"term_id":33,"name":"Indoor Plants","slug":"indoor-plants","description":"Quisque nulla egestas integer mauris, vestibulum mattis fames lobortis sed sollicitudin suscipit lobortis magna suspendisse fames"},"30":{"term_id":30,"name":"Large Plants","slug":"large-plants","description":"Quisque nulla egestas integer mauris, vestibulum mattis fames lobortis sed sollicitudin suscipit lobortis magna suspendisse fames"},"35":{"term_id":35,"name":"Low maintenance","slug":"low-maintenance","description":"Quisque nulla egestas integer mauris, vestibulum mattis fames lobortis sed sollicitudin suscipit lobortis magna suspendisse fames"},"31":{"term_id":31,"name":"Medium Plants","slug":"medium-plants","description":"Quisque nulla egestas integer mauris, vestibulum mattis fames lobortis sed sollicitudin suscipit lobortis magna suspendisse fames"},"39":{"term_id":39,"name":"Plant accessories","slug":"plant-accessories","description":"Quisque nulla egestas integer mauris, vestibulum mattis fames lobortis sed sollicitudin suscipit lobortis magna suspendisse fames"},"36":{"term_id":36,"name":"Plant bundle","slug":"plant-bundle","description":"Quisque nulla egestas integer mauris, vestibulum mattis fames lobortis sed sollicitudin suscipit lobortis magna suspendisse fames"},"32":{"term_id":32,"name":"Small Plants","slug":"small-plants","description":"Quisque nulla egestas integer mauris, vestibulum mattis fames lobortis sed sollicitudin suscipit lobortis magna suspendisse fames"}},"woocommerce_product_cat":[{"slug":"uncategorized","thumbnail_id":"","thumbnail_src":""},{"slug":"air-purifying","thumbnail_id":"309","thumbnail_src":"https:\/\/websitedemos.net\/plant-shop-02\/wp-content\/uploads\/sites\/931\/2021\/08\/plants-store-gallery-img-4.jpg"},{"slug":"ceramic-pots","thumbnail_id":"306","thumbnail_src":"https:\/\/websitedemos.net\/plant-shop-02\/wp-content\/uploads\/sites\/931\/2021\/08\/plants-store-gallery-img-1.jpg"},{"slug":"herbs-seeds","thumbnail_id":"305","thumbnail_src":"https:\/\/websitedemos.net\/plant-shop-02\/wp-content\/uploads\/sites\/931\/2021\/08\/plants-store-gallery-img-6.jpg"},{"slug":"indoor-plants","thumbnail_id":"310","thumbnail_src":"https:\/\/websitedemos.net\/plant-shop-02\/wp-content\/uploads\/sites\/931\/2021\/08\/plants-store-gallery-img-5.jpg"},{"slug":"large-plants","thumbnail_id":"741","thumbnail_src":"https:\/\/websitedemos.net\/plant-shop-02\/wp-content\/uploads\/sites\/931\/2021\/08\/plants-store-categories-img-2.jpg"},{"slug":"low-maintenance","thumbnail_id":"308","thumbnail_src":"https:\/\/websitedemos.net\/plant-shop-02\/wp-content\/uploads\/sites\/931\/2021\/08\/plants-store-gallery-img-3.jpg"},{"slug":"medium-plants","thumbnail_id":"742","thumbnail_src":"https:\/\/websitedemos.net\/plant-shop-02\/wp-content\/uploads\/sites\/931\/2021\/08\/plants-store-categories-img-4.jpg"},{"slug":"plant-accessories","thumbnail_id":"743","thumbnail_src":"https:\/\/websitedemos.net\/plant-shop-02\/wp-content\/uploads\/sites\/931\/2021\/08\/plants-store-categories-img-3.jpg"},{"slug":"plant-bundle","thumbnail_id":"307","thumbnail_src":"https:\/\/websitedemos.net\/plant-shop-02\/wp-content\/uploads\/sites\/931\/2021\/08\/plants-store-gallery-img-2.jpg"},{"slug":"small-plants","thumbnail_id":"744","thumbnail_src":"https:\/\/websitedemos.net\/plant-shop-02\/wp-content\/uploads\/sites\/931\/2021\/08\/plants-store-categories-img-1.jpg"}],"custom_logo":"https:\/\/websitedemos.net\/plant-shop-02\/wp-content\/uploads\/sites\/931\/2021\/08\/site-logo.svg","nav_menu_locations":{"primary":"primary","mobile_menu":"primary","footer_menu":"primary","secondary_menu":"primary"},"show_on_front":"page","page_on_front":"Home","page_for_posts":"","_fl_builder_enabled_icons":null,"_fl_builder_enabled_modules":null,"_fl_builder_post_types":null,"_fl_builder_color_presets":null,"_fl_builder_services":null,"_fl_builder_settings":null,"_fl_builder_user_access":null,"_fl_builder_enabled_templates":null,"elementor_container_width":null,"elementor_cpt_support":["post","page","product"],"elementor_css_print_method":"external","elementor_default_generic_fonts":null,"elementor_disable_color_schemes":"yes","elementor_disable_typography_schemes":"yes","elementor_editor_break_lines":"","elementor_exclude_user_roles":null,"elementor_global_image_lightbox":null,"elementor_page_title_selector":null,"elementor_scheme_color":{"1":"#6ec1e4","2":"#54595f","3":"#7a7a7a","4":"#61ce70"},"elementor_scheme_color-picker]":{"1":"#6ec1e4","2":"#54595f","3":"#7a7a7a","4":"#61ce70","5":"#4054b2","6":"#23a455","7":"#000","8":"#fff"},"elementor_scheme_typography":{"1":{"font_family":"Roboto","font_weight":"600"},"2":{"font_family":"Roboto Slab","font_weight":"400"},"3":{"font_family":"Roboto","font_weight":"400"},"4":{"font_family":"Roboto","font_weight":"500"}},"elementor_space_between_widgets":null,"elementor_stretched_section_container":null,"elementor_load_fa4_shim":"","elementor_active_kit":"8","woocommerce_shop_page_title":"Shop","woocommerce_cart_page_title":"Cart","woocommerce_checkout_page_title":"Checkout","woocommerce_myaccount_page_title":"My account","woocommerce_edit_address_page_title":"","woocommerce_view_order_page_title":"","woocommerce_change_password_page_title":"","woocommerce_logout_page_title":"","woocommerce_enable_guest_checkout":"yes","woocommerce_enable_checkout_login_reminder":"no","woocommerce_enable_signup_and_login_from_checkout":"no","woocommerce_enable_myaccount_registration":"no","woocommerce_registration_generate_username":"yes","edd_settings":null,"wpforms_settings":{"disable-css":"2","global-assets":false,"gdpr":false,"modern-markup":"0","modern-markup-is-set":true},"learndash_settings_theme_ld30":null,"learndash_settings_courses_themes":null,"astra-color-palettes":{"currentPalette":"palette_1","palettes":{"palette_1":["#c6d8c0","#5c9735","#141a0f","#4d4f48","#f4f6f3","#ffffff","#768471","#141a0f","#f4f6f3"],"palette_2":["#d2e3ee","#0274be","#3a3a3a","#4B4F58","#ffffff","#FFFFFF","#9b9b9b","#081f2e","#e3e3e3"],"palette_3":["#d2e3ee","#0274be","#3a3a3a","#4B4F58","#F5F5F5","#FFFFFF","#9b9b9b","#081f2e","#e3e3e3"]},"flag":true,"presets":{"preset_1":["#0067FF","#005EE9","#0F172A","#364151","#E7F6FF","#FFFFFF","#D1DAE5","#070614","#222222"],"preset_2":["#6528F7","#5511F8","#0F172A","#454F5E","#F2F0FE","#FFFFFF","#D8D8F5","#0D0614","#222222"],"preset_3":["#DD183B","#CC1939","#0F172A","#3A3A3A","#FFEDE6","#FFFFFF","#FFD1BF","#140609","#222222"],"preset_4":["#54B435","#379237","#0F172A","#2F3B40","#EDFBE2","#FFFFFF","#D5EAD8","#0C1406","#222222"],"preset_5":["#DCA54A","#D09A40","#0F172A","#4A4A4A","#FAF5E5","#FFFFFF","#F0E6C5","#141004","#222222"],"preset_6":["#FB5FAB","#EA559D","#0F172A","#454F5E","#FCEEF5","#FFFFFF","#FAD8E9","#140610","#222222"],"preset_7":["#1B9C85","#178E79","#0F172A","#454F5E","#EDF6EE","#FFFFFF","#D4F3D7","#06140C","#222222"],"preset_8":["#FD9800","#E98C00","#0F172A","#454F5E","#FEF9E1","#FFFFFF","#F9F0C8","#141006","#222222"],"preset_9":["#FF6210","#F15808","#1C0D0A","#353535","#FEF1E4","#FFFFFF","#E5D7D1","#140B06","#222222"],"preset_10":["#737880","#65696F","#151616","#393C40","#F6F6F6","#FFFFFF","#F1F0F0","#232529","#222222"]}},"astra-typography-presets":""}
Source - https://websitedemos.net/plant-shop-02/wp-content/uploads/sites/931/2021/08/plants-store-gallery-img-4.jpg
BATCH - SKIP Image {already imported from xml} - https://websitedemos.net/plant-shop-02/wp-content/uploads/sites/931/2021/08/plants-store-gallery-img-4.jpg
Log - {"url":"https:\/\/websitedemos.net\/plant-shop-02\/wp-content\/uploads\/sites\/931\/2021\/08\/plants-store-gallery-img-4.jpg","id":0}
Inserted - Post 1661 - attachment - plants-store-gallery-img-4.jpg
BATCH - SUCCESS Image {Imported} - http://localhost/wordpress/wp-content/uploads/2024/01/plants-store-gallery-img-4.jpg
Source - https://websitedemos.net/plant-shop-02/wp-content/uploads/sites/931/2021/08/plants-store-gallery-img-1.jpg
BATCH - SKIP Image {already imported from xml} - https://websitedemos.net/plant-shop-02/wp-content/uploads/sites/931/2021/08/plants-store-gallery-img-1.jpg
Log - {"url":"https:\/\/websitedemos.net\/plant-shop-02\/wp-content\/uploads\/sites\/931\/2021\/08\/plants-store-gallery-img-1.jpg","id":0}
Inserted - Post 1662 - attachment - plants-store-gallery-img-1.jpg
BATCH - SUCCESS Image {Imported} - http://localhost/wordpress/wp-content/uploads/2024/01/plants-store-gallery-img-1.jpg
Source - https://websitedemos.net/plant-shop-02/wp-content/uploads/sites/931/2021/08/plants-store-gallery-img-6.jpg
BATCH - SKIP Image {already imported from xml} - https://websitedemos.net/plant-shop-02/wp-content/uploads/sites/931/2021/08/plants-store-gallery-img-6.jpg
Log - {"url":"https:\/\/websitedemos.net\/plant-shop-02\/wp-content\/uploads\/sites\/931\/2021\/08\/plants-store-gallery-img-6.jpg","id":0}
Inserted - Post 1663 - attachment - plants-store-gallery-img-6.jpg
BATCH - SUCCESS Image {Imported} - http://localhost/wordpress/wp-content/uploads/2024/01/plants-store-gallery-img-6.jpg
Source - https://websitedemos.net/plant-shop-02/wp-content/uploads/sites/931/2021/08/plants-store-gallery-img-5.jpg
BATCH - SKIP Image {already imported from xml} - https://websitedemos.net/plant-shop-02/wp-content/uploads/sites/931/2021/08/plants-store-gallery-img-5.jpg
Log - {"url":"https:\/\/websitedemos.net\/plant-shop-02\/wp-content\/uploads\/sites\/931\/2021\/08\/plants-store-gallery-img-5.jpg","id":0}
Inserted - Post 1664 - attachment - plants-store-gallery-img-5.jpg
BATCH - SUCCESS Image {Imported} - http://localhost/wordpress/wp-content/uploads/2024/01/plants-store-gallery-img-5.jpg
Source - https://websitedemos.net/plant-shop-02/wp-content/uploads/sites/931/2021/08/plants-store-categories-img-2.jpg
BATCH - SKIP Image {already imported from xml} - https://websitedemos.net/plant-shop-02/wp-content/uploads/sites/931/2021/08/plants-store-categories-img-2.jpg
Log - {"url":"https:\/\/websitedemos.net\/plant-shop-02\/wp-content\/uploads\/sites\/931\/2021\/08\/plants-store-categories-img-2.jpg","id":0}
Inserted - Post 1665 - attachment - plants-store-categories-img-2.jpg
BATCH - SUCCESS Image {Imported} - http://localhost/wordpress/wp-content/uploads/2024/01/plants-store-categories-img-2.jpg
Source - https://websitedemos.net/plant-shop-02/wp-content/uploads/sites/931/2021/08/plants-store-gallery-img-3.jpg
BATCH - SKIP Image {already imported from xml} - https://websitedemos.net/plant-shop-02/wp-content/uploads/sites/931/2021/08/plants-store-gallery-img-3.jpg
Log - {"url":"https:\/\/websitedemos.net\/plant-shop-02\/wp-content\/uploads\/sites\/931\/2021\/08\/plants-store-gallery-img-3.jpg","id":0}
Inserted - Post 1666 - attachment - plants-store-gallery-img-3.jpg
BATCH - SUCCESS Image {Imported} - http://localhost/wordpress/wp-content/uploads/2024/01/plants-store-gallery-img-3.jpg
Source - https://websitedemos.net/plant-shop-02/wp-content/uploads/sites/931/2021/08/plants-store-categories-img-4.jpg
BATCH - SKIP Image {already imported from xml} - https://websitedemos.net/plant-shop-02/wp-content/uploads/sites/931/2021/08/plants-store-categories-img-4.jpg
Log - {"url":"https:\/\/websitedemos.net\/plant-shop-02\/wp-content\/uploads\/sites\/931\/2021\/08\/plants-store-categories-img-4.jpg","id":0}
Inserted - Post 1667 - attachment - plants-store-categories-img-4.jpg
BATCH - SUCCESS Image {Imported} - http://localhost/wordpress/wp-content/uploads/2024/01/plants-store-categories-img-4.jpg
Source - https://websitedemos.net/plant-shop-02/wp-content/uploads/sites/931/2021/08/plants-store-categories-img-3.jpg
BATCH - SKIP Image {already imported from xml} - https://websitedemos.net/plant-shop-02/wp-content/uploads/sites/931/2021/08/plants-store-categories-img-3.jpg
Log - {"url":"https:\/\/websitedemos.net\/plant-shop-02\/wp-content\/uploads\/sites\/931\/2021\/08\/plants-store-categories-img-3.jpg","id":0}
Inserted - Post 1668 - attachment - plants-store-categories-img-3.jpg
BATCH - SUCCESS Image {Imported} - http://localhost/wordpress/wp-content/uploads/2024/01/plants-store-categories-img-3.jpg
Source - https://websitedemos.net/plant-shop-02/wp-content/uploads/sites/931/2021/08/plants-store-gallery-img-2.jpg
BATCH - SKIP Image {already imported from xml} - https://websitedemos.net/plant-shop-02/wp-content/uploads/sites/931/2021/08/plants-store-gallery-img-2.jpg
Log - {"url":"https:\/\/websitedemos.net\/plant-shop-02\/wp-content\/uploads\/sites\/931\/2021\/08\/plants-store-gallery-img-2.jpg","id":0}
Inserted - Post 1669 - attachment - plants-store-gallery-img-2.jpg
BATCH - SUCCESS Image {Imported} - http://localhost/wordpress/wp-content/uploads/2024/01/plants-store-gallery-img-2.jpg
Source - https://websitedemos.net/plant-shop-02/wp-content/uploads/sites/931/2021/08/plants-store-categories-img-1.jpg
BATCH - SKIP Image {already imported from xml} - https://websitedemos.net/plant-shop-02/wp-content/uploads/sites/931/2021/08/plants-store-categories-img-1.jpg
Log - {"url":"https:\/\/websitedemos.net\/plant-shop-02\/wp-content\/uploads\/sites\/931\/2021\/08\/plants-store-categories-img-1.jpg","id":0}
Inserted - Post 1670 - attachment - plants-store-categories-img-1.jpg
BATCH - SUCCESS Image {Imported} - http://localhost/wordpress/wp-content/uploads/2024/01/plants-store-categories-img-1.jpg
Source - https://websitedemos.net/plant-shop-02/wp-content/uploads/sites/931/2021/08/site-logo.svg
BATCH - SKIP Image {already imported from xml} - https://websitedemos.net/plant-shop-02/wp-content/uploads/sites/931/2021/08/site-logo.svg
Log - {"url":"https:\/\/websitedemos.net\/plant-shop-02\/wp-content\/uploads\/sites\/931\/2021\/08\/site-logo.svg","id":0}
Inserted - Post 1671 - attachment - site-logo.svg
BATCH - SUCCESS Image {Imported} - http://localhost/wordpress/wp-content/uploads/2024/01/site-logo.svg
Inserted - Post 1671 - attachment - site-logo.svg
Imported - Widgets {"wp_inactive_widgets":["block-23"],"sidebar-1":["block-2","block-3","block-4","block-5","block-6","block-7","block-8","block-9","block-10","search-1","recent-posts-1","recent-comments-1","archives-1","categories-2","meta-1","block-13","block-14","block-15","block-16","block-17","block-18","block-19","block-20","block-21"],"header-widget":["block-22"],"footer-widget-1":["block-11","block-12"],"footer-widget-2":[],"advanced-footer-widget-1":[],"advanced-footer-widget-2":[],"advanced-footer-widget-3":[],"advanced-footer-widget-4":[],"array_version":3}
Batch Process Started..
Starter Templates - Importing Images for Blog name 'woodpress' (1)
---- Processing Images from Widgets -----
---- Processing Contact Form Mapping from Text Widgets -----
---- Processing WordPress Posts / Pages - for "Gutenberg" ----
---- Processing WordPress Page - for Gutenberg ---- "1234"
---- Processing WordPress Page - for Gutenberg ---- "1645"
---- Processing MISC ----
Post ID: 1169
Post ID: 1170
Post ID: 1171
Post ID: 1172
Post ID: 150
Post ID: 1649
Post ID: 1657
Post ID: 1658
Post ID: 1659
---- Processing Images Metadata ----
---- Processing batch process for Customizer start ----
---- Processing batch process for Customizer done ----
Batch Process Complete!