
Imported - Site Options {"woocommerce_product_attributes":[],"woocommerce_product_cat_list":[],"woocommerce_product_cat":[],"custom_logo":"https:\/\/websitedemos.net\/love-nature-02\/wp-content\/uploads\/sites\/988\/2021\/11\/logo-green.svg","nav_menu_locations":{"primary":"main-menu","footer_menu":"main-menu"},"show_on_front":"page","page_on_front":"Home","page_for_posts":"","_fl_builder_enabled_icons":null,"_fl_builder_enabled_modules":null,"_fl_builder_post_types":null,"_fl_builder_color_presets":null,"_fl_builder_services":null,"_fl_builder_settings":null,"_fl_builder_user_access":null,"_fl_builder_enabled_templates":null,"elementor_container_width":null,"elementor_cpt_support":["post","page"],"elementor_css_print_method":"internal","elementor_default_generic_fonts":null,"elementor_disable_color_schemes":"yes","elementor_disable_typography_schemes":"yes","elementor_editor_break_lines":"","elementor_exclude_user_roles":null,"elementor_global_image_lightbox":null,"elementor_page_title_selector":null,"elementor_scheme_color":{"1":"#6ec1e4","2":"#54595f","3":"#7a7a7a","4":"#61ce70"},"elementor_scheme_color-picker]":{"1":"#6ec1e4","2":"#54595f","3":"#7a7a7a","4":"#61ce70","5":"#4054b2","6":"#23a455","7":"#000","8":"#fff"},"elementor_scheme_typography":{"1":{"font_family":"Roboto","font_weight":"600"},"2":{"font_family":"Roboto Slab","font_weight":"400"},"3":{"font_family":"Roboto","font_weight":"400"},"4":{"font_family":"Roboto","font_weight":"500"}},"elementor_space_between_widgets":null,"elementor_stretched_section_container":null,"elementor_load_fa4_shim":"yes","elementor_active_kit":"4","woocommerce_shop_page_title":"","woocommerce_cart_page_title":"","woocommerce_checkout_page_title":"","woocommerce_myaccount_page_title":"","woocommerce_edit_address_page_title":"","woocommerce_view_order_page_title":"","woocommerce_change_password_page_title":"","woocommerce_logout_page_title":"","woocommerce_enable_guest_checkout":null,"woocommerce_enable_checkout_login_reminder":null,"woocommerce_enable_signup_and_login_from_checkout":null,"woocommerce_enable_myaccount_registration":null,"woocommerce_registration_generate_username":null,"edd_settings":null,"wpforms_settings":{"disable-css":"2","global-assets":false,"gdpr":false,"modern-markup":"0","modern-markup-is-set":true},"learndash_settings_theme_ld30":null,"learndash_settings_courses_themes":null,"astra-color-palettes":{"currentPalette":"palette_1","palettes":{"palette_1":["#ffd936","#dab200","#536942","rgba(82,104,64,0.75)","#f6f8f5","#ffffff","rgba(82,104,64,0.8)","rgba(82,104,64,0.5)","rgba(82,104,64,0.3)"],"palette_2":["#0170b9","#3a3a3a","#3a3a3a","#4b4f58","#f5f5f5","#ffffff","#f2f5f7","#424242","#000000"],"palette_3":["#0170B9","#3a3a3a","#3a3a3a","#4B4F58","#F5F5F5","#FFFFFF","#F2F5F7","#424242","#000000"]},"flag":true,"presets":{"preset_1":["#0067FF","#005EE9","#0F172A","#364151","#E7F6FF","#FFFFFF","#D1DAE5","#070614","#222222"],"preset_2":["#6528F7","#5511F8","#0F172A","#454F5E","#F2F0FE","#FFFFFF","#D8D8F5","#0D0614","#222222"],"preset_3":["#DD183B","#CC1939","#0F172A","#3A3A3A","#FFEDE6","#FFFFFF","#FFD1BF","#140609","#222222"],"preset_4":["#54B435","#379237","#0F172A","#2F3B40","#EDFBE2","#FFFFFF","#D5EAD8","#0C1406","#222222"],"preset_5":["#DCA54A","#D09A40","#0F172A","#4A4A4A","#FAF5E5","#FFFFFF","#F0E6C5","#141004","#222222"],"preset_6":["#FB5FAB","#EA559D","#0F172A","#454F5E","#FCEEF5","#FFFFFF","#FAD8E9","#140610","#222222"],"preset_7":["#1B9C85","#178E79","#0F172A","#454F5E","#EDF6EE","#FFFFFF","#D4F3D7","#06140C","#222222"],"preset_8":["#FD9800","#E98C00","#0F172A","#454F5E","#FEF9E1","#FFFFFF","#F9F0C8","#141006","#222222"],"preset_9":["#FF6210","#F15808","#1C0D0A","#353535","#FEF1E4","#FFFFFF","#E5D7D1","#140B06","#222222"],"preset_10":["#737880","#65696F","#151616","#393C40","#F6F6F6","#FFFFFF","#F1F0F0","#232529","#222222"]}},"astra-typography-presets":""}
Source - https://websitedemos.net/love-nature-02/wp-content/uploads/sites/988/2021/11/logo-green.svg
Log - {"id":"74","url":"http:\/\/localhost\/wordpress\/wp-content\/uploads\/2021\/11\/logo-green.svg"}
Inserted - Post 74 - attachment - logo-green
Importing from XML https://websitedemos.net/wp-content/uploads/astra-sites/988/wxr.xml
Imported - Widgets {"wp_inactive_widgets":["block-23"],"sidebar-1":["block-2","block-3","block-4","block-5","block-6","block-7","block-8","block-9","block-10","search-1","recent-posts-1","recent-comments-1","archives-1","categories-2","meta-1","block-13","block-14","block-15","block-16","block-17","block-18","block-19","block-20","block-21"],"header-widget":["block-22"],"footer-widget-1":["block-11","block-12"],"footer-widget-2":[],"advanced-footer-widget-1":[],"advanced-footer-widget-2":[],"advanced-footer-widget-3":[],"advanced-footer-widget-4":[],"array_version":3}
{"post_title":"wxr.xml","guid":"http:\/\/localhost\/wordpress\/wp-content\/uploads\/2024\/01\/wxr.xml","post_mime_type":"text\/xml"}
{"success":true,"data":{"file":"C:\\xampp\\htdocs\\wordpress\/wp-content\/uploads\/2024\/01\/wxr.xml","url":"http:\/\/localhost\/wordpress\/wp-content\/uploads\/2024\/01\/wxr.xml","type":"text\/xml"}}
1675
Inserted - Post 1676 - attachment - logo-green
Inserted - Post 1677 - attachment - logo-white
Inserted - Post 1678 - attachment - service-3
Inserted - Post 1679 - attachment - service-1
Inserted - Post 1680 - attachment - service-2
Deleted Temporary WXR file 1675
Option `astra_sites_imported_wxr_id` Deleted.
Inserted - Post 1681 - attachment - quotes
Starter Templates - Importing Images for Blog name 'woodpress' (1)
Inserted - Post 1682 - attachment - leaf
Inserted - Post 1683 - attachment - footer-hero-big
Inserted - Post 1684 - attachment - footer-hero-mobile
Inserted - Post 1685 - attachment - contact-hero
---- Processing Images from Widgets -----
---- Processing Contact Form Mapping from Text Widgets -----
---- Processing WordPress Posts / Pages - for "Gutenberg" ----
Inserted - Post 1686 - attachment - header-hero
---- Processing WordPress Page - for Gutenberg ---- "1645"
---- Processing MISC ----
Post ID: 1169
Post ID: 1170
Post ID: 1171
Post ID: 1172
Post ID: 150
Post ID: 1649
Post ID: 1657
Post ID: 1658
Post ID: 1659
---- Processing Images Metadata ----
---- Processing Images Metadata Completed ----
---- Processing batch process for Customizer start ----
---- Processing batch process for Customizer done ----
Batch Process Complete!
Inserted - Post 1689 - attachment - avatar_3
Inserted - Post 1690 - attachment - avatar_4
Inserted - Post 1691 - attachment - contact-hero
Inserted - Post 1692 - attachment - services-hero
Inserted - Post 1693 - attachment - avatar_on_home
Inserted - Post 1694 - attachment - avatar_on_about
Inserted - Post 1695 - attachment - demo-screenshot
Inserted - Post 1696 - page - Home
Inserted - Post 14 - page - About
Inserted - Post 1697 - page - Services
Inserted - Post 1698 - page - Contact
Inserted - Post 1699 - custom_css - astra
Inserted - Post 1700 - nav_menu_item - 
Inserted - Post 1701 - nav_menu_item - 
Inserted - Post 1702 - nav_menu_item - 
Inserted - Post 1703 - nav_menu_item - 
Inserted - Post 1704 - attachment - header-hero
Inserted - Post 1705 - wp_global_styles - Custom Styles